TN:
SF:src/demo/DemoScenarioRunner.sol
DA:66,7
FN:66,DemoScenarioRunner.constructor
FNDA:7,DemoScenarioRunner.constructor
DA:69,7
DA:70,7
DA:71,7
DA:74,1
FN:74,DemoScenarioRunner.getScenarioConfig
FNDA:1,DemoScenarioRunner.getScenarioConfig
DA:75,6
DA:76,6
DA:77,6
DA:78,6
DA:79,6
DA:80,6
BRDA:80,0,0,2
BRDA:80,0,1,1
DA:81,4
BRDA:81,1,0,3
BRDA:81,1,1,1
DA:82,1
DA:87,6
FN:87,DemoScenarioRunner.runScenario
FNDA:6,DemoScenarioRunner.runScenario
DA:88,5
DA:90,5
DA:91,5
DA:92,5
DA:96,5
DA:97,5
DA:103,5
DA:104,5
DA:105,5
DA:107,5
DA:108,5
DA:111,5
DA:112,5
DA:113,5
DA:114,5
DA:115,5
DA:116,5
DA:119,5
DA:120,5
DA:122,5
DA:130,5
DA:132,5
DA:133,5
DA:135,5
DA:151,5
DA:153,5
DA:154,5
DA:157,6
FN:157,DemoScenarioRunner.getLastResult
FNDA:6,DemoScenarioRunner.getLastResult
DA:158,6
FNF:4
FNH:4
LF:43
LH:43
BRF:4
BRH:4
end_of_record
TN:
SF:src/hook/BaseHook.sol
DA:19,32
FN:19,BaseHook.constructor
FNDA:32,BaseHook.constructor
DA:20,32
DA:21,32
DA:24,2
FN:24,BaseHook.onlyPoolManager
FNDA:2,BaseHook.onlyPoolManager
DA:25,2
BRDA:25,0,0,0
DA:31,0
FN:31,BaseHook.beforeInitialize
FNDA:0,BaseHook.beforeInitialize
DA:32,0
DA:35,0
FN:35,BaseHook.afterInitialize
FNDA:0,BaseHook.afterInitialize
DA:36,0
DA:39,0
FN:39,BaseHook.beforeAddLiquidity
FNDA:0,BaseHook.beforeAddLiquidity
DA:40,0
DA:42,0
FN:42,BaseHook.afterAddLiquidity
FNDA:0,BaseHook.afterAddLiquidity
DA:43,0
DA:45,0
FN:45,BaseHook.beforeRemoveLiquidity
FNDA:0,BaseHook.beforeRemoveLiquidity
DA:46,0
DA:48,0
FN:48,BaseHook.afterRemoveLiquidity
FNDA:0,BaseHook.afterRemoveLiquidity
DA:49,0
DA:51,0
FN:51,BaseHook.beforeSwap
FNDA:0,BaseHook.beforeSwap
DA:52,0
DA:54,0
FN:54,BaseHook.afterSwap
FNDA:0,BaseHook.afterSwap
DA:55,0
DA:57,0
FN:57,BaseHook.beforeDonate
FNDA:0,BaseHook.beforeDonate
DA:58,0
DA:60,0
FN:60,BaseHook.afterDonate
FNDA:0,BaseHook.afterDonate
DA:61,0
DA:63,0
FN:63,BaseHook.unlockCallback
FNDA:0,BaseHook.unlockCallback
DA:64,0
DA:67,0
FN:67,BaseHook._unlockCallback
FNDA:0,BaseHook._unlockCallback
DA:68,0
FNF:14
FNH:2
LF:29
LH:5
BRF:1
BRH:0
end_of_record
TN:
SF:src/hook/IndemnifiHook.sol
DA:57,10
FN:57,IndemnifiHook.onlyProxy
FNDA:10,IndemnifiHook.onlyProxy
DA:58,10
BRDA:58,0,0,1
DA:62,32
FN:62,IndemnifiHook.constructor
FNDA:32,IndemnifiHook.constructor
DA:66,32
DA:70,25
FN:70,IndemnifiHook.setCallbackProxy
FNDA:25,IndemnifiHook.setCallbackProxy
DA:71,25
DA:76,33
FN:76,IndemnifiHook.getHookPermissions
FNDA:33,IndemnifiHook.getHookPermissions
DA:77,33
DA:100,20
FN:100,IndemnifiHook.createPolicy
FNDA:20,IndemnifiHook.createPolicy
DA:107,20
DA:109,3
BRDA:109,1,0,3
DA:110,17
BRDA:110,2,0,1
DA:111,16
BRDA:111,3,0,1
DA:113,15
DA:115,15
DA:116,15
DA:117,15
DA:119,15
DA:121,15
DA:135,15
DA:138,15
DA:139,15
DA:141,15
DA:148,2
FN:148,IndemnifiHook.afterRemoveLiquidity
FNDA:2,IndemnifiHook.afterRemoveLiquidity
DA:156,2
BRDA:156,4,0,1
DA:157,1
DA:158,1
DA:164,1
DA:166,1
DA:167,1
DA:168,1
DA:169,1
BRDA:169,5,0,1
DA:170,1
DA:171,1
DA:173,1
DA:176,2
DA:180,1
FN:180,IndemnifiHook.afterSwap
FNDA:1,IndemnifiHook.afterSwap
DA:187,1
DA:188,1
DA:189,1
DA:194,10
FN:194,IndemnifiHook.settleClaim
FNDA:10,IndemnifiHook.settleClaim
DA:197,9
DA:198,9
BRDA:198,6,0,1
DA:199,8
DA:200,0
BRDA:200,7,0,-
DA:203,8
BRDA:203,8,0,1
DA:204,1
DA:205,1
DA:206,1
DA:209,7
DA:210,7
DA:212,7
DA:214,7
DA:222,7
DA:224,7
BRDA:224,9,0,6
DA:225,6
DA:226,6
DA:232,5
FN:232,IndemnifiHook.updateRiskTier
FNDA:5,IndemnifiHook.updateRiskTier
DA:233,5
DA:234,5
BRDA:234,10,0,1
DA:236,4
DA:237,4
DA:238,4
DA:239,4
DA:241,4
DA:242,4
DA:245,4
BRDA:245,11,0,1
DA:246,1
DA:247,1
DA:251,4
FN:251,IndemnifiHook.pauseCoverage
FNDA:4,IndemnifiHook.pauseCoverage
DA:252,4
DA:253,4
DA:256,3
FN:256,IndemnifiHook.resumeCoverage
FNDA:3,IndemnifiHook.resumeCoverage
DA:257,3
BRDA:257,12,0,1
BRDA:257,12,1,2
DA:258,2
DA:259,2
DA:264,9
FN:264,IndemnifiHook.getPolicy
FNDA:9,IndemnifiHook.getPolicy
DA:265,9
DA:268,1
FN:268,IndemnifiHook.getPoliciesForOwner
FNDA:1,IndemnifiHook.getPoliciesForOwner
DA:269,1
DA:272,1
FN:272,IndemnifiHook.getPremiumForNotional
FNDA:1,IndemnifiHook.getPremiumForNotional
DA:275,1
DA:278,3
FN:278,IndemnifiHook.isCoveragePaused
FNDA:3,IndemnifiHook.isCoveragePaused
DA:279,3
DA:282,1
FN:282,IndemnifiHook.getRiskTier
FNDA:1,IndemnifiHook.getRiskTier
DA:283,1
DA:286,5
FN:286,IndemnifiHook.getCurrentPremiumBps
FNDA:5,IndemnifiHook.getCurrentPremiumBps
DA:287,5
DA:292,21
FN:292,IndemnifiHook._getCurrentPremiumBps
FNDA:21,IndemnifiHook._getCurrentPremiumBps
DA:293,21
DA:294,21
DA:298,2
FN:298,IndemnifiHook._zeroDelta
FNDA:2,IndemnifiHook._zeroDelta
DA:299,0
FNF:19
FNH:19
LF:93
LH:91
BRF:14
BRH:13
end_of_record
TN:
SF:src/libraries/ILMath.sol
DA:17,25
FN:17,ILMath.calculateILBps
FNDA:25,ILMath.calculateILBps
DA:20,25
BRDA:20,0,0,2
DA:23,23
DA:26,23
DA:27,23
DA:28,23
DA:30,23
BRDA:30,1,0,0
DA:31,23
DA:34,18
FN:34,ILMath.calculateILAmount
FNDA:18,ILMath.calculateILAmount
DA:37,18
DA:44,21
FN:44,ILMath.calculatePayout
FNDA:21,ILMath.calculatePayout
DA:51,21
DA:52,21
BRDA:52,2,0,5
DA:54,16
DA:55,16
DA:56,16
BRDA:56,3,0,6
DA:57,16
BRDA:57,4,0,4
FNF:3
FNH:3
LF:17
LH:17
BRF:5
BRH:4
end_of_record
TN:
SF:src/libraries/PremiumMath.sol
DA:10,7
FN:10,PremiumMath.premiumBpsForTier
FNDA:7,PremiumMath.premiumBpsForTier
DA:11,7
BRDA:11,0,0,3
DA:12,4
BRDA:12,1,0,3
DA:13,1
DA:16,29
FN:16,PremiumMath.calculatePremium
FNDA:29,PremiumMath.calculatePremium
DA:19,29
FNF:2
FNH:2
LF:6
LH:6
BRF:2
BRH:2
end_of_record
TN:
SF:src/reactive/ReactiveRiskMonitor.sol
DA:32,11
FN:32,ReactiveRiskMonitor.constructor
FNDA:11,ReactiveRiskMonitor.constructor
DA:33,11
DA:34,11
DA:37,11
DA:43,11
DA:49,11
DA:59,14
FN:59,ReactiveRiskMonitor.react
FNDA:14,ReactiveRiskMonitor.react
DA:70,13
DA:72,13
BRDA:72,0,0,1
BRDA:72,0,1,3
DA:76,1
DA:78,12
BRDA:78,1,0,9
BRDA:78,1,1,3
DA:82,9
DA:84,3
BRDA:84,2,0,2
DA:86,2
DA:92,1
FN:92,ReactiveRiskMonitor._handlePolicyExit
FNDA:1,ReactiveRiskMonitor._handlePolicyExit
DA:93,1
DA:99,1
DA:102,9
FN:102,ReactiveRiskMonitor._handleSwapObserved
FNDA:9,ReactiveRiskMonitor._handleSwapObserved
DA:103,9
DA:105,9
BRDA:105,3,0,5
DA:106,5
DA:107,5
DA:110,4
DA:111,4
BRDA:111,4,0,3
BRDA:111,4,1,1
DA:112,3
DA:114,1
DA:117,4
DA:119,4
DA:120,4
BRDA:120,5,0,2
BRDA:120,5,1,1
DA:121,2
DA:122,2
BRDA:122,6,0,1
BRDA:122,6,1,1
DA:123,1
DA:126,1
DA:129,3
DA:135,3
DA:138,2
FN:138,ReactiveRiskMonitor._handleVaultHealth
FNDA:2,ReactiveRiskMonitor._handleVaultHealth
DA:139,2
BRDA:139,7,0,2
DA:144,1
DA:150,1
FNF:5
FNH:5
LF:39
LH:39
BRF:13
BRH:13
end_of_record
TN:
SF:src/vault/InsuranceVault.sol
DA:37,26
FN:37,InsuranceVault.onlyHook
FNDA:26,InsuranceVault.onlyHook
DA:38,26
BRDA:38,0,0,1
DA:42,44
FN:42,InsuranceVault.constructor
FNDA:44,InsuranceVault.constructor
DA:45,44
DA:46,44
DA:50,37
FN:50,InsuranceVault.setHook
FNDA:37,InsuranceVault.setHook
DA:51,37
DA:58,26
FN:58,InsuranceVault.depositPremium
FNDA:26,InsuranceVault.depositPremium
DA:59,25
BRDA:59,1,0,1
DA:61,24
DA:63,24
DA:64,24
DA:65,24
DA:67,24
BRDA:67,2,0,24
DA:68,24
DA:69,24
DA:72,24
DA:73,24
DA:74,24
DA:79,11
FN:79,InsuranceVault.payClaim
FNDA:11,InsuranceVault.payClaim
DA:82,11
BRDA:82,3,0,0
DA:83,11
BRDA:83,4,0,1
DA:86,10
BRDA:86,5,0,2
BRDA:86,5,1,8
DA:87,2
DA:89,8
DA:90,8
DA:91,8
DA:94,10
DA:95,10
DA:97,10
DA:98,10
DA:99,10
DA:106,20
FN:106,InsuranceVault.accrueYield
FNDA:20,InsuranceVault.accrueYield
DA:107,20
DA:108,20
DA:109,20
DA:111,20
DA:113,20
DA:114,20
DA:115,20
DA:119,1
FN:119,InsuranceVault.rebalance
FNDA:1,InsuranceVault.rebalance
DA:120,1
DA:121,1
BRDA:121,6,0,0
DA:123,1
DA:125,1
BRDA:125,7,0,0
BRDA:125,7,1,0
DA:126,0
DA:127,0
DA:128,0
DA:129,0
BRDA:129,8,0,-
DA:130,0
DA:131,0
DA:132,0
DA:134,1
BRDA:134,9,0,0
DA:135,0
DA:136,0
DA:137,0
DA:138,0
DA:139,0
DA:145,14
FN:145,InsuranceVault.totalAssets
FNDA:14,InsuranceVault.totalAssets
DA:146,136
DA:149,14
FN:149,InsuranceVault.availableForClaims
FNDA:14,InsuranceVault.availableForClaims
DA:150,25
DA:155,18
FN:155,InsuranceVault.solvencyRatioBps
FNDA:18,InsuranceVault.solvencyRatioBps
DA:156,72
BRDA:156,10,0,30
DA:157,42
DA:158,42
FNF:10
FNH:10
LF:66
LH:54
BRF:13
BRH:7
end_of_record
TN:
SF:src/vault/MockYieldVault.sol
DA:29,4
FN:29,MockYieldVault.totalAssets
FNDA:4,MockYieldVault.totalAssets
DA:30,206
DA:33,50
FN:33,MockYieldVault.deposit
FNDA:50,MockYieldVault.deposit
DA:34,50
DA:35,50
DA:36,50
DA:37,50
DA:38,50
DA:41,10
FN:41,MockYieldVault.withdraw
FNDA:10,MockYieldVault.withdraw
DA:44,10
DA:45,10
BRDA:45,0,0,1
DA:46,10
DA:47,10
DA:48,10
DA:49,10
DA:54,3
FN:54,MockYieldVault.accrueYield
FNDA:3,MockYieldVault.accrueYield
DA:55,2
DA:56,2
DA:57,2
FNF:4
FNH:4
LF:19
LH:19
BRF:1
BRH:1
end_of_record
